2024-08-02 02:47:51 [main] INFO  com.redmath.assignment.Application - Starting Application using Java 22.0.1 with PID 2304 (C:\Users\MadChief\Desktop\training\assignment\target\classes started by MadChief in C:\Users\MadChief\Desktop\training\assignment)
2024-08-02 02:47:51 [main] INFO  com.redmath.assignment.Application - No active profile set, falling back to 1 default profile: "default"
2024-08-02 02:47:57 [main] INFO  o.s.d.r.c.RepositoryConfigurationDelegate - Bootstrapping Spring Data JPA repositories in DEFAULT mode.
2024-08-02 02:47:57 [main] INFO  o.s.d.r.c.RepositoryConfigurationDelegate - Finished Spring Data repository scanning in 170 ms. Found 3 JPA repository interfaces.
2024-08-02 02:48:01 [main] INFO  o.s.b.w.e.tomcat.TomcatWebServer - Tomcat initialized with port 8080 (http)
2024-08-02 02:48:01 [main] INFO  o.a.coyote.http11.Http11NioProtocol - Initializing ProtocolHandler ["http-nio-8080"]
2024-08-02 02:48:01 [main] INFO  o.a.catalina.core.StandardService - Starting service [Tomcat]
2024-08-02 02:48:01 [main] INFO  o.a.catalina.core.StandardEngine - Starting Servlet engine: [Apache Tomcat/10.1.25]
2024-08-02 02:48:01 [main] INFO  o.a.c.c.C.[Tomcat].[localhost].[/] - Initializing Spring embedded WebApplicationContext
2024-08-02 02:48:01 [main] INFO  o.s.b.w.s.c.ServletWebServerApplicationContext - Root WebApplicationContext: initialization completed in 9223 ms
2024-08-02 02:48:02 [main] INFO  com.zaxxer.hikari.HikariDataSource - HikariPool-1 - Starting...
2024-08-02 02:48:03 [main] INFO  com.zaxxer.hikari.pool.HikariPool - HikariPool-1 - Added connection com.mysql.cj.jdbc.ConnectionImpl@2cc61b3b
2024-08-02 02:48:03 [main] INFO  com.zaxxer.hikari.HikariDataSource - HikariPool-1 - Start completed.
2024-08-02 02:48:05 [main] INFO  liquibase.changelog - Reading from FinNest.databasechangelog
2024-08-02 02:48:05 [main] INFO  liquibase.ui - Database is up to date, no changesets to execute
2024-08-02 02:48:05 [main] INFO  liquibase.changelog - Reading from FinNest.databasechangelog
2024-08-02 02:48:05 [main] INFO  liquibase.util - UPDATE SUMMARY
2024-08-02 02:48:05 [main] INFO  liquibase.util - Run:                          0
2024-08-02 02:48:05 [main] INFO  liquibase.util - Previously run:               9
2024-08-02 02:48:05 [main] INFO  liquibase.util - Filtered out:                 0
2024-08-02 02:48:05 [main] INFO  liquibase.util - -------------------------------
2024-08-02 02:48:05 [main] INFO  liquibase.util - Total change sets:            9
2024-08-02 02:48:05 [main] INFO  liquibase.util - Update summary generated
2024-08-02 02:48:05 [main] INFO  liquibase.lockservice - Successfully released change log lock
2024-08-02 02:48:05 [main] INFO  liquibase.command - Command execution complete
2024-08-02 02:48:06 [main] INFO  org.hibernate.Version - HHH000412: Hibernate ORM core version 6.5.2.Final
2024-08-02 02:48:06 [main] INFO  o.h.c.i.RegionFactoryInitiator - HHH000026: Second-level cache disabled
2024-08-02 02:48:07 [main] INFO  o.s.o.j.p.SpringPersistenceUnitInfo - No LoadTimeWeaver setup: ignoring JPA class transformer
2024-08-02 02:48:10 [main] INFO  o.h.e.t.j.p.i.JtaPlatformInitiator - HHH000489: No JTA platform available (set 'hibernate.transaction.jta.platform' to enable JTA platform integration)
2024-08-02 02:48:10 [main] INFO  o.s.o.j.LocalContainerEntityManagerFactoryBean - Initialized JPA EntityManagerFactory for persistence unit 'default'
2024-08-02 02:48:12 [main] INFO  o.s.d.j.r.query.QueryEnhancerFactory - Hibernate is in classpath; If applicable, HQL parser will be used.
2024-08-02 02:48:15 [main] INFO  o.s.s.c.a.a.c.InitializeUserDetailsBeanManagerConfigurer$InitializeUserDetailsManagerConfigurer - Global AuthenticationManager configured with UserDetailsService bean with name customUserDetailsService
2024-08-02 02:48:18 [main] INFO  o.s.b.a.e.web.EndpointLinksResolver - Exposing 1 endpoint beneath base path '/actuator'
2024-08-02 02:48:21 [main] INFO  o.a.coyote.http11.Http11NioProtocol - Starting ProtocolHandler ["http-nio-8080"]
2024-08-02 02:48:21 [main] INFO  o.s.b.w.e.tomcat.TomcatWebServer - Tomcat started on port 8080 (http) with context path '/'
2024-08-02 02:48:21 [main] INFO  com.redmath.assignment.Application - Started Application in 32.104 seconds (process running for 33.204)
2024-08-02 02:48:22 [SpringApplicationShutdownHook] INFO  o.s.o.j.LocalContainerEntityManagerFactoryBean - Closing JPA EntityManagerFactory for persistence unit 'default'
2024-08-02 02:48:22 [SpringApplicationShutdownHook] INFO  com.zaxxer.hikari.HikariDataSource - HikariPool-1 - Shutdown initiated...
2024-08-02 02:48:22 [SpringApplicationShutdownHook] INFO  com.zaxxer.hikari.HikariDataSource - HikariPool-1 - Shutdown completed.
2024-08-02 02:48:52 [main] INFO  com.redmath.assignment.Application - Starting Application using Java 22.0.1 with PID 9360 (C:\Users\MadChief\Desktop\training\assignment\target\classes started by MadChief in C:\Users\MadChief\Desktop\training\assignment)
2024-08-02 02:48:52 [main] INFO  com.redmath.assignment.Application - No active profile set, falling back to 1 default profile: "default"
2024-08-02 02:48:55 [main] INFO  o.s.d.r.c.RepositoryConfigurationDelegate - Bootstrapping Spring Data JPA repositories in DEFAULT mode.
2024-08-02 02:48:55 [main] INFO  o.s.d.r.c.RepositoryConfigurationDelegate - Finished Spring Data repository scanning in 126 ms. Found 3 JPA repository interfaces.
2024-08-02 02:48:59 [main] INFO  o.s.b.w.e.tomcat.TomcatWebServer - Tomcat initialized with port 8080 (http)
2024-08-02 02:48:59 [main] INFO  o.a.coyote.http11.Http11NioProtocol - Initializing ProtocolHandler ["http-nio-8080"]
2024-08-02 02:48:59 [main] INFO  o.a.catalina.core.StandardService - Starting service [Tomcat]
2024-08-02 02:48:59 [main] INFO  o.a.catalina.core.StandardEngine - Starting Servlet engine: [Apache Tomcat/10.1.25]
2024-08-02 02:48:59 [main] INFO  o.a.c.c.C.[Tomcat].[localhost].[/] - Initializing Spring embedded WebApplicationContext
2024-08-02 02:48:59 [main] INFO  o.s.b.w.s.c.ServletWebServerApplicationContext - Root WebApplicationContext: initialization completed in 7019 ms
2024-08-02 02:49:00 [main] INFO  com.zaxxer.hikari.HikariDataSource - HikariPool-1 - Starting...
2024-08-02 02:49:01 [main] INFO  com.zaxxer.hikari.pool.HikariPool - HikariPool-1 - Added connection com.mysql.cj.jdbc.ConnectionImpl@1cb44a2f
2024-08-02 02:49:01 [main] INFO  com.zaxxer.hikari.HikariDataSource - HikariPool-1 - Start completed.
2024-08-02 02:49:03 [main] INFO  liquibase.changelog - Reading from FinNest.databasechangelog
2024-08-02 02:49:03 [main] INFO  liquibase.ui - Database is up to date, no changesets to execute
2024-08-02 02:49:03 [main] INFO  liquibase.changelog - Reading from FinNest.databasechangelog
2024-08-02 02:49:03 [main] INFO  liquibase.util - UPDATE SUMMARY
2024-08-02 02:49:03 [main] INFO  liquibase.util - Run:                          0
2024-08-02 02:49:03 [main] INFO  liquibase.util - Previously run:               9
2024-08-02 02:49:03 [main] INFO  liquibase.util - Filtered out:                 0
2024-08-02 02:49:03 [main] INFO  liquibase.util - -------------------------------
2024-08-02 02:49:03 [main] INFO  liquibase.util - Total change sets:            9
2024-08-02 02:49:03 [main] INFO  liquibase.util - Update summary generated
2024-08-02 02:49:03 [main] INFO  liquibase.lockservice - Successfully released change log lock
2024-08-02 02:49:03 [main] INFO  liquibase.command - Command execution complete
2024-08-02 02:49:03 [main] INFO  org.hibernate.Version - HHH000412: Hibernate ORM core version 6.5.2.Final
2024-08-02 02:49:03 [main] INFO  o.h.c.i.RegionFactoryInitiator - HHH000026: Second-level cache disabled
2024-08-02 02:49:04 [main] INFO  o.s.o.j.p.SpringPersistenceUnitInfo - No LoadTimeWeaver setup: ignoring JPA class transformer
2024-08-02 02:49:06 [main] INFO  o.h.e.t.j.p.i.JtaPlatformInitiator - HHH000489: No JTA platform available (set 'hibernate.transaction.jta.platform' to enable JTA platform integration)
2024-08-02 02:49:06 [main] INFO  o.s.o.j.LocalContainerEntityManagerFactoryBean - Initialized JPA EntityManagerFactory for persistence unit 'default'
2024-08-02 02:49:07 [main] INFO  o.s.d.j.r.query.QueryEnhancerFactory - Hibernate is in classpath; If applicable, HQL parser will be used.
2024-08-02 02:49:09 [main] INFO  o.s.s.c.a.a.c.InitializeUserDetailsBeanManagerConfigurer$InitializeUserDetailsManagerConfigurer - Global AuthenticationManager configured with UserDetailsService bean with name customUserDetailsService
2024-08-02 02:49:11 [main] INFO  o.s.b.a.e.web.EndpointLinksResolver - Exposing 1 endpoint beneath base path '/actuator'
2024-08-02 02:49:12 [main] INFO  o.a.coyote.http11.Http11NioProtocol - Starting ProtocolHandler ["http-nio-8080"]
2024-08-02 02:49:12 [main] INFO  o.s.b.w.e.tomcat.TomcatWebServer - Tomcat started on port 8080 (http) with context path '/'
2024-08-02 02:49:12 [main] INFO  com.redmath.assignment.Application - Started Application in 22.586 seconds (process running for 23.728)
2024-08-02 02:51:25 [SpringApplicationShutdownHook] INFO  o.s.o.j.LocalContainerEntityManagerFactoryBean - Closing JPA EntityManagerFactory for persistence unit 'default'
2024-08-02 02:51:25 [SpringApplicationShutdownHook] INFO  com.zaxxer.hikari.HikariDataSource - HikariPool-1 - Shutdown initiated...
2024-08-02 02:51:25 [SpringApplicationShutdownHook] INFO  com.zaxxer.hikari.HikariDataSource - HikariPool-1 - Shutdown completed.
